<?xml version="1.0" encoding="UTF-8"?>
<!-- Generated by org.testng.reporters.JUnitReportReporter -->
<testsuite hostname="Mypc" name="trstNG.PrimusBankLogin" tests="1" failures="0" timestamp="4 Feb 2017 02:55:16 GMT" time="5.866" errors="0">
  <testcase name="Login_App" time="5.866" classname="trstNG.PrimusBankLogin"/>
</testsuite> <!-- trstNG.PrimusBankLogin -->
