<?xml version="1.0" encoding="UTF-8"?>
<!-- Generated by org.testng.reporters.JUnitReportReporter -->
<testsuite hostname="Mypc" name="trstNG.BasicAnnotattionEg" tests="3" failures="0" timestamp="4 Feb 2017 02:40:26 GMT" time="0.053" errors="0">
  <testcase name="function2" time="0.010" classname="trstNG.BasicAnnotattionEg"/>
  <testcase name="a" time="0.010" classname="trstNG.BasicAnnotattionEg"/>
  <testcase name="function1" time="0.033" classname="trstNG.BasicAnnotattionEg"/>
</testsuite> <!-- trstNG.BasicAnnotattionEg -->
