<?xml version="1.0" encoding="UTF-8"?>
<!-- Generated by org.testng.reporters.JUnitReportReporter -->
<testsuite hostname="Mypc" name="trstNG.UserRegTest" tests="1" failures="0" timestamp="4 Feb 2017 03:24:48 GMT" time="11.658" errors="0">
  <testcase name="userreg" time="11.658" classname="trstNG.UserRegTest"/>
</testsuite> <!-- trstNG.UserRegTest -->
